<?xml version="1.0" encoding="utf-8"?><testsuites name="pytest tests"><testsuite name="pytest" errors="0" failures="0" skipped="0" tests="28" time="2.952" timestamp="2026-03-29T07:19:05.745526+00:00" hostname="agent-env-08a1b1f8-391f-46a1-ab24-38827dfef7e3"><testcase classname="backend.tests.test_backend_routes.TestHealthCheck" name="test_health_check" time="0.135" /><testcase classname="backend.tests.test_backend_routes.TestAuthRoutes" name="test_auth_me_unauthenticated" time="0.095" /><testcase classname="backend.tests.test_backend_routes.TestAuthRoutes" name="test_auth_session_missing_body" time="0.116" /><testcase classname="backend.tests.test_backend_routes.TestAuthRoutes" name="test_auth_logout" time="0.095" /><testcase classname="backend.tests.test_backend_routes.TestProjectsRoutes" name="test_projects_list_unauthenticated" time="0.097" /><testcase classname="backend.tests.test_backend_routes.TestProjectsRoutes" name="test_project_detail_unauthenticated" time="0.137" /><testcase classname="backend.tests.test_backend_routes.TestProjectsRoutes" name="test_project_recommendations_unauthenticated" time="0.093" /><testcase classname="backend.tests.test_backend_routes.TestProjectsRoutes" name="test_project_my_preference_unauthenticated" time="0.101" /><testcase classname="backend.tests.test_backend_routes.TestProjectsRoutes" name="test_project_my_team_unauthenticated" time="0.099" /><testcase classname="backend.tests.test_backend_routes.TestCaseStudiesRoutes" name="test_case_studies_list_unauthenticated" time="0.096" /><testcase classname="backend.tests.test_backend_routes.TestCaseStudiesRoutes" name="test_case_study_detail_unauthenticated" time="0.108" /><testcase classname="backend.tests.test_backend_routes.TestCaseStudiesRoutes" name="test_case_study_messages_unauthenticated" time="0.098" /><testcase classname="backend.tests.test_backend_routes.TestDiscussionsRoutes" name="test_discussions_list_unauthenticated" time="0.094" /><testcase classname="backend.tests.test_backend_routes.TestDiscussionsRoutes" name="test_discussion_messages_unauthenticated" time="0.110" /><testcase classname="backend.tests.test_backend_routes.TestDiscussionsRoutes" name="test_create_discussion_unauthenticated" time="0.105" /><testcase classname="backend.tests.test_backend_routes.TestChatbotRoutes" name="test_chatbot_message_unauthenticated" time="0.092" /><testcase classname="backend.tests.test_backend_routes.TestChatbotRoutes" name="test_chatbot_history_unauthenticated" time="0.101" /><testcase classname="backend.tests.test_backend_routes.TestNotificationsRoutes" name="test_notifications_list_unauthenticated" time="0.103" /><testcase classname="backend.tests.test_backend_routes.TestNotificationsRoutes" name="test_mark_notification_read_unauthenticated" time="0.097" /><testcase classname="backend.tests.test_backend_routes.TestFilesRoutes" name="test_file_download_unauthenticated" time="0.094" /><testcase classname="backend.tests.test_backend_routes.TestAdminRoutes" name="test_admin_analytics_unauthenticated" time="0.106" /><testcase classname="backend.tests.test_backend_routes.TestAdminRoutes" name="test_admin_members_unauthenticated" time="0.102" /><testcase classname="backend.tests.test_backend_routes.TestAdminRoutes" name="test_admin_blocked_unauthenticated" time="0.097" /><testcase classname="backend.tests.test_backend_routes.TestAdminRoutes" name="test_admin_create_project_unauthenticated" time="0.102" /><testcase classname="backend.tests.test_backend_routes.TestAdminRoutes" name="test_admin_create_case_study_unauthenticated" time="0.101" /><testcase classname="backend.tests.test_backend_routes.TestAdminRoutes" name="test_admin_delete_discussion_unauthenticated" time="0.097" /><testcase classname="backend.tests.test_backend_routes.TestMembersRoutes" name="test_members_list_unauthenticated" time="0.096" /><testcase classname="backend.tests.test_backend_routes.TestSkillsRoutes" name="test_skills_list_unauthenticated" time="0.100" /></testsuite></testsuites>